


ARM Macro Assembler    Page 1 


    1 00000000                 PRESERVE8
    2 00000000         
    3 00000000                 IMPORT           Main
    4 00000000                 IMPORT           HandleIRQ
    5 00000000                 IMPORT           OSCtxSw
    6 00000000                 IMPORT           OSTickISR
    7 00000000                 IMPORT           OSTCBCur
    8 00000000                 IMPORT           OSIntNesting
    9 00000000                 IMPORT           OSIntStk
   10 00000000         
   11 00000000                 EXPORT           DELAY
   12 00000000                 EXPORT           BEEP
   13 00000000                 EXPORT           BEEPOFF
   14 00000000         ;-------------------------------------------------------
                       --------------------------------------------------------
                       --------------
   15 00000000 00005FFF 
                       BK_IRQ  RLIST            {R0-R12,LR}
   16 00000000 00009FFF 
                       RE_IRQ  RLIST            {R0-R12,PC}
   17 00000000 000040FF 
                       BK_FIQ  RLIST            {R0-R7,LR}
   18 00000000 00000FF0 
                       BK_APCS RLIST            {R4-R11}
   19 00000000         
   20 00000000 00000007 
                       MAX_SWINUM
                               EQU              7
   21 00000000         
   22 00000000 32000000 
                       _STACKBASEADDR
                               EQU              0x32000000
   23 00000000 48000000 
                       rBWSCON EQU              0x48000000
   24 00000000 4A000000 
                       rSRCPND EQU              0X4A000000
   25 00000000 4A000004 
                       rINTMOD EQU              0X4A000004
   26 00000000 4A000008 
                       rINTMSK EQU              0X4A000008
   27 00000000 4A000010 
                       rINTPND EQU              0x4A000010
   28 00000000 4A000014 
                       rINTOFFSET
                               EQU              0x4A000014
   29 00000000 4A000018 
                       rSUBSRCPND
                               EQU              0x4A000018
   30 00000000 4A00001C 
                       rINTSUBMSK
                               EQU              0X4A00001C
   31 00000000 4C000000 
                       rLOCKTIME
                               EQU              0x4C000000
   32 00000000 4C000004 
                       rMPLLCON
                               EQU              0x4C000004
   33 00000000 4C000008 
                       rUPLLCON



ARM Macro Assembler    Page 2 


                               EQU              0x4C000008
   34 00000000 4C000014 
                       rCLKDIVN
                               EQU              0x4C000014
   35 00000000 50000000 
                       rULCON0 EQU              0x50000000
   36 00000000 50000004 
                       rUCON0  EQU              0x50000004
   37 00000000 50000008 
                       rUFCON0 EQU              0x50000008
   38 00000000 5000000C 
                       rUMCON0 EQU              0x5000000C
   39 00000000 50000028 
                       rUBRDIV0
                               EQU              0x50000028
   40 00000000 50000023 
                       rUTXH0  EQU              0x50000023
   41 00000000 50000027 
                       rURXH0  EQU              0x50000027
   42 00000000 50004000 
                       rULCON1 EQU              0x50004000
   43 00000000 50004004 
                       rUCON1  EQU              0x50004004
   44 00000000 50004008 
                       rUFCON1 EQU              0x50004008
   45 00000000 5000400C 
                       rUMCON1 EQU              0x5000400C
   46 00000000 50004028 
                       rUBRDIV1
                               EQU              0x50004028
   47 00000000 50004023 
                       rUTXH1  EQU              0x50004023
   48 00000000 50004027 
                       rURXH1  EQU              0x50004027
   49 00000000 53000000 
                       rWTCON  EQU              0x53000000
   50 00000000 56000010 
                       rGPBCON EQU              0x56000010
   51 00000000 56000014 
                       rGPBDAT EQU              0x56000014
   52 00000000 56000060 
                       rGPGCON EQU              0x56000060
   53 00000000 56000068 
                       rGPGUP  EQU              0x56000068
   54 00000000 56000070 
                       rGPHCON EQU              0x56000070
   55 00000000 56000074 
                       rGPHDAT EQU              0x56000074
   56 00000000 56000078 
                       rGPHUP  EQU              0x56000078
   57 00000000 560000A4 
                       rEINTMASK
                               EQU              0x560000A4
   58 00000000 560000A8 
                       rEINTPEND
                               EQU              0x560000A8
   59 00000000         
   60 00000000         
   61 00000000 00000002 



ARM Macro Assembler    Page 3 


                       B1_BWCON
                               EQU              2_0010
   62 00000000 00000001 
                       B2_BWCON
                               EQU              2_0001
   63 00000000 00000001 
                       B3_BWCON
                               EQU              2_0001
   64 00000000 00000001 
                       B4_BWCON
                               EQU              2_0001
   65 00000000 00000001 
                       B5_BWCON
                               EQU              2_0001
   66 00000000 00000002 
                       B6_BWCON
                               EQU              2_0010
   67 00000000 00000002 
                       B7_BWCON
                               EQU              2_0010
   68 00000000         
   69 00000000         
   70 00000000 00000038 
                       U_MDIV  EQU              0x38        ;M/P/S DIV FOR UPLL
                                                            ,for more see chapt
                                                            er"PLL VALUE TABLE"
                                                             in 2440datasheet
   71 00000000 00000002 
                       U_PDIV  EQU              0x2         ;UPLL = 48.00MHz
   72 00000000 00000002 
                       U_SDIV  EQU              0x2
   73 00000000         
   74 00000000 0000007F 
                       M_MDIV  EQU              0x7f        ;M/P/S DIV FOR MPLL
                                                            ,for more see chapt
                                                            er"PLL VALUE TABLE"
                                                             in 2440datasheet
   75 00000000 00000002 
                       M_PDIV  EQU              0x2         ;MPLL = 405.00MHz
   76 00000000 00000001 
                       M_SDIV  EQU              0x1
   77 00000000         
   78 00000000         
   79 00000000 00000010 
                       USRMODE EQU              0x10
   80 00000000 00000011 
                       FIQMODE EQU              0x11
   81 00000000 00000012 
                       IRQMODE EQU              0x12
   82 00000000 00000013 
                       SVCMODE EQU              0x13
   83 00000000 00000017 
                       ABTMODE EQU              0x17
   84 00000000 0000001B 
                       UNDMODE EQU              0x1B
   85 00000000 0000001F 
                       SYSMODE EQU              0x1F
   86 00000000         
   87 00000000         



ARM Macro Assembler    Page 4 


   88 00000000 00000080 
                       IRQMSK  EQU              0x80
   89 00000000 00000040 
                       FIQMSK  EQU              0x40
   90 00000000 000000C0 
                       NOINT   EQU              0xC0
   91 00000000         
   92 00000000         
   93 00000000 31FFC800 
                       StackUse
                               EQU              (_STACKBASEADDR-0X3800)
   94 00000000 31FFD800 
                       StackSvc
                               EQU              (_STACKBASEADDR-0x2800)
   95 00000000 31FFDC00 
                       StackUnd
                               EQU              (_STACKBASEADDR-0x2400)
   96 00000000 31FFE000 
                       StackAbt
                               EQU              (_STACKBASEADDR-0x2000)
   97 00000000 31FFF000 
                       StackIrq
                               EQU              (_STACKBASEADDR-0x1000)
   98 00000000 32000000 
                       StackFiq
                               EQU              (_STACKBASEADDR-0x0)
   99 00000000         
  100 00000000         
  101 00000000 00000064 
                       OS_IntStkSIZE
                               EQU              100
  102 00000000 00000004 
                       OS_StkItemSIZE
                               EQU              4
  103 00000000         ;-------------------------------------------------------
                       --------------------------------------------------------
                       --------------
  104 00000000                 CODE32
  105 00000000                 AREA             Init,CODE,READONLY,ALIGN=2
  106 00000000         
  107 00000000         BEEP
  108 00000000 E92D4007        STMDB            SP!,{R0,R1,R2,LR} ;STMFD
  109 00000004 E1A02000        MOV              R2,R0
  110 00000008         BEEP_LOOP
  111 00000008 EB000026        BL               BEEPON
  112 0000000C E1A00002        MOV              R0,R2
  113 00000010 EBFFFFFE        BL               DELAY
  114 00000014 EBFFFFFE        BL               BEEPOFF
  115 00000018 E1A00002        MOV              R0,R2
  116 0000001C EBFFFFFE        BL               DELAY
  117 00000020 EB000020        BL               BEEPON
  118 00000024 E1A00002        MOV              R0,R2
  119 00000028 EBFFFFFE        BL               DELAY
  120 0000002C EBFFFFFE        BL               BEEPOFF
  121 00000030 E1A00002        MOV              R0,R2
  122 00000034 EBFFFFFE        BL               DELAY
  123 00000038 EB00001A        BL               BEEPON
  124 0000003C E1A00002        MOV              R0,R2
  125 00000040 EBFFFFFE        BL               DELAY



ARM Macro Assembler    Page 5 


  126 00000044 EBFFFFFE        BL               BEEPOFF
  127 00000048 E1A00002        MOV              R0,R2
  128 0000004C EBFFFFFE        BL               DELAY
  129 00000050 EB000014        BL               BEEPON
  130 00000054 E1A00002        MOV              R0,R2
  131 00000058 EBFFFFFE        BL               DELAY
  132 0000005C EBFFFFFE        BL               BEEPOFF
  133 00000060 E1A00002        MOV              R0,R2
  134 00000064 EBFFFFFE        BL               DELAY
  135 00000068 E2511001        SUBS             R1,R1,#1
  136 0000006C 5AFFFFE5        BPL              BEEP_LOOP
  137 00000070 E8BD4007        LDMIA            SP!,{R0,R1,R2,LR} ;LDMFD
  138 00000074 E1B0F00E        MOVS             PC,LR
  139 00000078         ;-------------------------------------------------------
                       --------------------------------------------------------
                       --------------
  140 00000078         DELAY
  141 00000078 E2500001        SUBS             R0,R0,#1
  142 0000007C E1A00000        NOP
  143 00000080 E1A00000        NOP
  144 00000084 E1A00000        NOP
  145 00000088 E1A00000        NOP
  146 0000008C E1A00000        NOP
  147 00000090 E1A00000        NOP
  148 00000094 E1A00000        NOP
  149 00000098 E1A00000        NOP
  150 0000009C E1A00000        NOP
  151 000000A0 5AFFFFFE        BPL              DELAY
  152 000000A4 E1B0F00E        MOVS             PC,LR
  153 000000A8         ;-------------------------------------------------------
                       --------------------------------------------------------
                       --------------
  154 000000A8         BEEPON
  155 000000A8 E92D0003        STMDB            SP!,{R0,R1} ;STMFD
  156 000000AC E59F0024        LDR              R0,=rGPBDAT
  157 000000B0 E3A01001        LDR              R1,=(((0<<4):OR:(0<<3):OR:(0<<2
):OR:(0<<1))<<4):OR:1 
                                                            ; LED:4 3 2 1 BEEP
  158 000000B4 E5801000        STR              R1,[R0]
  159 000000B8 E8BD0003        LDMIA            SP!,{R0,R1} ;LDMFD
  160 000000BC E1B0F00E        MOVS             PC,LR
  161 000000C0         BEEPOFF
  162 000000C0 E92D0003        STMDB            SP!,{R0,R1} ;STMFD
  163 000000C4 E59F000C        LDR              R0,=rGPBDAT
  164 000000C8 E3A01E1E        LDR              R1,=(((1<<4):OR:(1<<3):OR:(1<<2
):OR:(1<<1))<<4):OR:0 
                                                            ; LED:4 3 2 1 BEEP
  165 000000CC E5801000        STR              R1,[R0]
  166 000000D0 E8BD0003        LDMIA            SP!,{R0,R1} ;LDMFD
  167 000000D4 E1B0F00E        MOVS             PC,LR
  168 000000D8         ;-------------------------------------------------------
                       --------------------------------------------------------
                       --------------    
  169 000000D8                 END
              56000014 
Command Line: --debug --xref --cpu=ARM920T --apcs=interwork --depend=.\build\ut
ils_a.d -o.\build\utils_a.o -ID:\Bitman\Keil_v5\ARM\RV31\INC -ID:\Bitman\Keil_v
5\ARM\CMSIS\Include -ID:\Bitman\Keil_v5\ARM\Inc\Samsung --list=.\utils_a.lst sr
c\usr\UTILS_A.S



ARM Macro Assembler    Page 1 Alphabetic symbol ordering
Relocatable symbols

BEEP 00000000

Symbol: BEEP
   Definitions
      At line 107 in file src\usr\UTILS_A.S
   Uses
      At line 12 in file src\usr\UTILS_A.S
Comment: BEEP used once
BEEPOFF 000000C0

Symbol: BEEPOFF
   Definitions
      At line 161 in file src\usr\UTILS_A.S
   Uses
      At line 13 in file src\usr\UTILS_A.S
      At line 114 in file src\usr\UTILS_A.S
      At line 120 in file src\usr\UTILS_A.S
      At line 126 in file src\usr\UTILS_A.S
      At line 132 in file src\usr\UTILS_A.S

BEEPON 000000A8

Symbol: BEEPON
   Definitions
      At line 154 in file src\usr\UTILS_A.S
   Uses
      At line 111 in file src\usr\UTILS_A.S
      At line 117 in file src\usr\UTILS_A.S
      At line 123 in file src\usr\UTILS_A.S
      At line 129 in file src\usr\UTILS_A.S

BEEP_LOOP 00000008

Symbol: BEEP_LOOP
   Definitions
      At line 110 in file src\usr\UTILS_A.S
   Uses
      At line 136 in file src\usr\UTILS_A.S
Comment: BEEP_LOOP used once
DELAY 00000078

Symbol: DELAY
   Definitions
      At line 140 in file src\usr\UTILS_A.S
   Uses
      At line 11 in file src\usr\UTILS_A.S
      At line 113 in file src\usr\UTILS_A.S
      At line 116 in file src\usr\UTILS_A.S
      At line 119 in file src\usr\UTILS_A.S
      At line 122 in file src\usr\UTILS_A.S
      At line 125 in file src\usr\UTILS_A.S
      At line 128 in file src\usr\UTILS_A.S
      At line 131 in file src\usr\UTILS_A.S
      At line 134 in file src\usr\UTILS_A.S
      At line 151 in file src\usr\UTILS_A.S

Init 00000000

Symbol: Init



ARM Macro Assembler    Page 2 Alphabetic symbol ordering
Relocatable symbols

   Definitions
      At line 105 in file src\usr\UTILS_A.S
   Uses
      None
Comment: Init unused
6 symbols



ARM Macro Assembler    Page 1 Alphabetic symbol ordering
Absolute symbols

ABTMODE 00000017

Symbol: ABTMODE
   Definitions
      At line 83 in file src\usr\UTILS_A.S
   Uses
      None
Comment: ABTMODE unused
B1_BWCON 00000002

Symbol: B1_BWCON
   Definitions
      At line 61 in file src\usr\UTILS_A.S
   Uses
      None
Comment: B1_BWCON unused
B2_BWCON 00000001

Symbol: B2_BWCON
   Definitions
      At line 62 in file src\usr\UTILS_A.S
   Uses
      None
Comment: B2_BWCON unused
B3_BWCON 00000001

Symbol: B3_BWCON
   Definitions
      At line 63 in file src\usr\UTILS_A.S
   Uses
      None
Comment: B3_BWCON unused
B4_BWCON 00000001

Symbol: B4_BWCON
   Definitions
      At line 64 in file src\usr\UTILS_A.S
   Uses
      None
Comment: B4_BWCON unused
B5_BWCON 00000001

Symbol: B5_BWCON
   Definitions
      At line 65 in file src\usr\UTILS_A.S
   Uses
      None
Comment: B5_BWCON unused
B6_BWCON 00000002

Symbol: B6_BWCON
   Definitions
      At line 66 in file src\usr\UTILS_A.S
   Uses
      None
Comment: B6_BWCON unused
B7_BWCON 00000002

Symbol: B7_BWCON



ARM Macro Assembler    Page 2 Alphabetic symbol ordering
Absolute symbols

   Definitions
      At line 67 in file src\usr\UTILS_A.S
   Uses
      None
Comment: B7_BWCON unused
FIQMODE 00000011

Symbol: FIQMODE
   Definitions
      At line 80 in file src\usr\UTILS_A.S
   Uses
      None
Comment: FIQMODE unused
FIQMSK 00000040

Symbol: FIQMSK
   Definitions
      At line 89 in file src\usr\UTILS_A.S
   Uses
      None
Comment: FIQMSK unused
IRQMODE 00000012

Symbol: IRQMODE
   Definitions
      At line 81 in file src\usr\UTILS_A.S
   Uses
      None
Comment: IRQMODE unused
IRQMSK 00000080

Symbol: IRQMSK
   Definitions
      At line 88 in file src\usr\UTILS_A.S
   Uses
      None
Comment: IRQMSK unused
MAX_SWINUM 00000007

Symbol: MAX_SWINUM
   Definitions
      At line 20 in file src\usr\UTILS_A.S
   Uses
      None
Comment: MAX_SWINUM unused
M_MDIV 0000007F

Symbol: M_MDIV
   Definitions
      At line 74 in file src\usr\UTILS_A.S
   Uses
      None
Comment: M_MDIV unused
M_PDIV 00000002

Symbol: M_PDIV
   Definitions
      At line 75 in file src\usr\UTILS_A.S
   Uses



ARM Macro Assembler    Page 3 Alphabetic symbol ordering
Absolute symbols

      None
Comment: M_PDIV unused
M_SDIV 00000001

Symbol: M_SDIV
   Definitions
      At line 76 in file src\usr\UTILS_A.S
   Uses
      None
Comment: M_SDIV unused
NOINT 000000C0

Symbol: NOINT
   Definitions
      At line 90 in file src\usr\UTILS_A.S
   Uses
      None
Comment: NOINT unused
OS_IntStkSIZE 00000064

Symbol: OS_IntStkSIZE
   Definitions
      At line 101 in file src\usr\UTILS_A.S
   Uses
      None
Comment: OS_IntStkSIZE unused
OS_StkItemSIZE 00000004

Symbol: OS_StkItemSIZE
   Definitions
      At line 102 in file src\usr\UTILS_A.S
   Uses
      None
Comment: OS_StkItemSIZE unused
SVCMODE 00000013

Symbol: SVCMODE
   Definitions
      At line 82 in file src\usr\UTILS_A.S
   Uses
      None
Comment: SVCMODE unused
SYSMODE 0000001F

Symbol: SYSMODE
   Definitions
      At line 85 in file src\usr\UTILS_A.S
   Uses
      None
Comment: SYSMODE unused
StackAbt 31FFE000

Symbol: StackAbt
   Definitions
      At line 96 in file src\usr\UTILS_A.S
   Uses
      None
Comment: StackAbt unused
StackFiq 32000000



ARM Macro Assembler    Page 4 Alphabetic symbol ordering
Absolute symbols


Symbol: StackFiq
   Definitions
      At line 98 in file src\usr\UTILS_A.S
   Uses
      None
Comment: StackFiq unused
StackIrq 31FFF000

Symbol: StackIrq
   Definitions
      At line 97 in file src\usr\UTILS_A.S
   Uses
      None
Comment: StackIrq unused
StackSvc 31FFD800

Symbol: StackSvc
   Definitions
      At line 94 in file src\usr\UTILS_A.S
   Uses
      None
Comment: StackSvc unused
StackUnd 31FFDC00

Symbol: StackUnd
   Definitions
      At line 95 in file src\usr\UTILS_A.S
   Uses
      None
Comment: StackUnd unused
StackUse 31FFC800

Symbol: StackUse
   Definitions
      At line 93 in file src\usr\UTILS_A.S
   Uses
      None
Comment: StackUse unused
UNDMODE 0000001B

Symbol: UNDMODE
   Definitions
      At line 84 in file src\usr\UTILS_A.S
   Uses
      None
Comment: UNDMODE unused
USRMODE 00000010

Symbol: USRMODE
   Definitions
      At line 79 in file src\usr\UTILS_A.S
   Uses
      None
Comment: USRMODE unused
U_MDIV 00000038

Symbol: U_MDIV
   Definitions



ARM Macro Assembler    Page 5 Alphabetic symbol ordering
Absolute symbols

      At line 70 in file src\usr\UTILS_A.S
   Uses
      None
Comment: U_MDIV unused
U_PDIV 00000002

Symbol: U_PDIV
   Definitions
      At line 71 in file src\usr\UTILS_A.S
   Uses
      None
Comment: U_PDIV unused
U_SDIV 00000002

Symbol: U_SDIV
   Definitions
      At line 72 in file src\usr\UTILS_A.S
   Uses
      None
Comment: U_SDIV unused
_STACKBASEADDR 32000000

Symbol: _STACKBASEADDR
   Definitions
      At line 22 in file src\usr\UTILS_A.S
   Uses
      At line 93 in file src\usr\UTILS_A.S
      At line 94 in file src\usr\UTILS_A.S
      At line 95 in file src\usr\UTILS_A.S
      At line 96 in file src\usr\UTILS_A.S
      At line 97 in file src\usr\UTILS_A.S
      At line 98 in file src\usr\UTILS_A.S

rBWSCON 48000000

Symbol: rBWSCON
   Definitions
      At line 23 in file src\usr\UTILS_A.S
   Uses
      None
Comment: rBWSCON unused
rCLKDIVN 4C000014

Symbol: rCLKDIVN
   Definitions
      At line 34 in file src\usr\UTILS_A.S
   Uses
      None
Comment: rCLKDIVN unused
rEINTMASK 560000A4

Symbol: rEINTMASK
   Definitions
      At line 57 in file src\usr\UTILS_A.S
   Uses
      None
Comment: rEINTMASK unused
rEINTPEND 560000A8




ARM Macro Assembler    Page 6 Alphabetic symbol ordering
Absolute symbols

Symbol: rEINTPEND
   Definitions
      At line 58 in file src\usr\UTILS_A.S
   Uses
      None
Comment: rEINTPEND unused
rGPBCON 56000010

Symbol: rGPBCON
   Definitions
      At line 50 in file src\usr\UTILS_A.S
   Uses
      None
Comment: rGPBCON unused
rGPBDAT 56000014

Symbol: rGPBDAT
   Definitions
      At line 51 in file src\usr\UTILS_A.S
   Uses
      At line 156 in file src\usr\UTILS_A.S
      At line 163 in file src\usr\UTILS_A.S

rGPGCON 56000060

Symbol: rGPGCON
   Definitions
      At line 52 in file src\usr\UTILS_A.S
   Uses
      None
Comment: rGPGCON unused
rGPGUP 56000068

Symbol: rGPGUP
   Definitions
      At line 53 in file src\usr\UTILS_A.S
   Uses
      None
Comment: rGPGUP unused
rGPHCON 56000070

Symbol: rGPHCON
   Definitions
      At line 54 in file src\usr\UTILS_A.S
   Uses
      None
Comment: rGPHCON unused
rGPHDAT 56000074

Symbol: rGPHDAT
   Definitions
      At line 55 in file src\usr\UTILS_A.S
   Uses
      None
Comment: rGPHDAT unused
rGPHUP 56000078

Symbol: rGPHUP
   Definitions



ARM Macro Assembler    Page 7 Alphabetic symbol ordering
Absolute symbols

      At line 56 in file src\usr\UTILS_A.S
   Uses
      None
Comment: rGPHUP unused
rINTMOD 4A000004

Symbol: rINTMOD
   Definitions
      At line 25 in file src\usr\UTILS_A.S
   Uses
      None
Comment: rINTMOD unused
rINTMSK 4A000008

Symbol: rINTMSK
   Definitions
      At line 26 in file src\usr\UTILS_A.S
   Uses
      None
Comment: rINTMSK unused
rINTOFFSET 4A000014

Symbol: rINTOFFSET
   Definitions
      At line 28 in file src\usr\UTILS_A.S
   Uses
      None
Comment: rINTOFFSET unused
rINTPND 4A000010

Symbol: rINTPND
   Definitions
      At line 27 in file src\usr\UTILS_A.S
   Uses
      None
Comment: rINTPND unused
rINTSUBMSK 4A00001C

Symbol: rINTSUBMSK
   Definitions
      At line 30 in file src\usr\UTILS_A.S
   Uses
      None
Comment: rINTSUBMSK unused
rLOCKTIME 4C000000

Symbol: rLOCKTIME
   Definitions
      At line 31 in file src\usr\UTILS_A.S
   Uses
      None
Comment: rLOCKTIME unused
rMPLLCON 4C000004

Symbol: rMPLLCON
   Definitions
      At line 32 in file src\usr\UTILS_A.S
   Uses
      None



ARM Macro Assembler    Page 8 Alphabetic symbol ordering
Absolute symbols

Comment: rMPLLCON unused
rSRCPND 4A000000

Symbol: rSRCPND
   Definitions
      At line 24 in file src\usr\UTILS_A.S
   Uses
      None
Comment: rSRCPND unused
rSUBSRCPND 4A000018

Symbol: rSUBSRCPND
   Definitions
      At line 29 in file src\usr\UTILS_A.S
   Uses
      None
Comment: rSUBSRCPND unused
rUBRDIV0 50000028

Symbol: rUBRDIV0
   Definitions
      At line 39 in file src\usr\UTILS_A.S
   Uses
      None
Comment: rUBRDIV0 unused
rUBRDIV1 50004028

Symbol: rUBRDIV1
   Definitions
      At line 46 in file src\usr\UTILS_A.S
   Uses
      None
Comment: rUBRDIV1 unused
rUCON0 50000004

Symbol: rUCON0
   Definitions
      At line 36 in file src\usr\UTILS_A.S
   Uses
      None
Comment: rUCON0 unused
rUCON1 50004004

Symbol: rUCON1
   Definitions
      At line 43 in file src\usr\UTILS_A.S
   Uses
      None
Comment: rUCON1 unused
rUFCON0 50000008

Symbol: rUFCON0
   Definitions
      At line 37 in file src\usr\UTILS_A.S
   Uses
      None
Comment: rUFCON0 unused
rUFCON1 50004008




ARM Macro Assembler    Page 9 Alphabetic symbol ordering
Absolute symbols

Symbol: rUFCON1
   Definitions
      At line 44 in file src\usr\UTILS_A.S
   Uses
      None
Comment: rUFCON1 unused
rULCON0 50000000

Symbol: rULCON0
   Definitions
      At line 35 in file src\usr\UTILS_A.S
   Uses
      None
Comment: rULCON0 unused
rULCON1 50004000

Symbol: rULCON1
   Definitions
      At line 42 in file src\usr\UTILS_A.S
   Uses
      None
Comment: rULCON1 unused
rUMCON0 5000000C

Symbol: rUMCON0
   Definitions
      At line 38 in file src\usr\UTILS_A.S
   Uses
      None
Comment: rUMCON0 unused
rUMCON1 5000400C

Symbol: rUMCON1
   Definitions
      At line 45 in file src\usr\UTILS_A.S
   Uses
      None
Comment: rUMCON1 unused
rUPLLCON 4C000008

Symbol: rUPLLCON
   Definitions
      At line 33 in file src\usr\UTILS_A.S
   Uses
      None
Comment: rUPLLCON unused
rURXH0 50000027

Symbol: rURXH0
   Definitions
      At line 41 in file src\usr\UTILS_A.S
   Uses
      None
Comment: rURXH0 unused
rURXH1 50004027

Symbol: rURXH1
   Definitions
      At line 48 in file src\usr\UTILS_A.S



ARM Macro Assembler    Page 10 Alphabetic symbol ordering
Absolute symbols

   Uses
      None
Comment: rURXH1 unused
rUTXH0 50000023

Symbol: rUTXH0
   Definitions
      At line 40 in file src\usr\UTILS_A.S
   Uses
      None
Comment: rUTXH0 unused
rUTXH1 50004023

Symbol: rUTXH1
   Definitions
      At line 47 in file src\usr\UTILS_A.S
   Uses
      None
Comment: rUTXH1 unused
rWTCON 53000000

Symbol: rWTCON
   Definitions
      At line 49 in file src\usr\UTILS_A.S
   Uses
      None
Comment: rWTCON unused
69 symbols



ARM Macro Assembler    Page 1 Alphabetic symbol ordering
External symbols

HandleIRQ 00000000

Symbol: HandleIRQ
   Definitions
      At line 4 in file src\usr\UTILS_A.S
   Uses
      None
Comment: HandleIRQ unused
Main 00000000

Symbol: Main
   Definitions
      At line 3 in file src\usr\UTILS_A.S
   Uses
      None
Comment: Main unused
OSCtxSw 00000000

Symbol: OSCtxSw
   Definitions
      At line 5 in file src\usr\UTILS_A.S
   Uses
      None
Comment: OSCtxSw unused
OSIntNesting 00000000

Symbol: OSIntNesting
   Definitions
      At line 8 in file src\usr\UTILS_A.S
   Uses
      None
Comment: OSIntNesting unused
OSIntStk 00000000

Symbol: OSIntStk
   Definitions
      At line 9 in file src\usr\UTILS_A.S
   Uses
      None
Comment: OSIntStk unused
OSTCBCur 00000000

Symbol: OSTCBCur
   Definitions
      At line 7 in file src\usr\UTILS_A.S
   Uses
      None
Comment: OSTCBCur unused
OSTickISR 00000000

Symbol: OSTickISR
   Definitions
      At line 6 in file src\usr\UTILS_A.S
   Uses
      None
Comment: OSTickISR unused
7 symbols
418 symbols in table
